<?xml version="1.0" encoding="UTF-8"?>
<!-- Generated by org.testng.reporters.JUnitXMLReporter -->
<testsuite hostname="DESKTOP-DUFVKRL" ignored="0" name="IETest" tests="5" failures="0" timestamp="22 一月 2019 06:15:59 GMT" time="28.603" errors="0">
  <testcase name="getLoginHome" time="6.249" classname="com.erin.selenium.testCase.login"/>
  <testcase name="testLogin" time="6.911" classname="com.erin.selenium.testCase.login"/>
  <testcase name="TestAddCart" time="1.531" classname="com.erin.selenium.testCase.login"/>
  <testcase name="TestSureOrder" time="2.16" classname="com.erin.selenium.testCase.login"/>
  <testcase name="TestGoPay" time="8.939" classname="com.erin.selenium.testCase.login"/>
</testsuite> <!-- IETest -->
