<?xml version="1.0" encoding="UTF-8"?>
<testng-results skipped="0" failed="0" total="1" passed="1">
  <reporter-output>
  </reporter-output>
  <suite name="Suite" duration-ms="13295" started-at="2019-01-17T05:37:43Z" finished-at="2019-01-17T05:37:57Z">
    <groups>
    </groups>
    <test name="Test1" duration-ms="13295" started-at="2019-01-17T05:37:43Z" finished-at="2019-01-17T05:37:57Z">
      <class name="com.erin.selenium.testCase.SuiteTestBuy">
        <test-method status="PASS" signature="beforeClass()[pri:0, instance:com.erin.selenium.testCase.SuiteTestBuy@38082d64]" name="beforeClass" is-config="true" duration-ms="11030" started-at="2019-01-17T13:37:43Z" finished-at="2019-01-17T13:37:54Z">
          <reporter-output>
          </reporter-output>
        </test-method> <!-- beforeClass -->
        <test-method status="PASS" signature="testBuy()[pri:0, instance:com.erin.selenium.testCase.SuiteTestBuy@38082d64]" name="testBuy" duration-ms="2253" started-at="2019-01-17T13:37:54Z" finished-at="2019-01-17T13:37:57Z">
          <reporter-output>
          </reporter-output>
        </test-method> <!-- testBuy -->
        <test-method status="PASS" signature="afterClass()[pri:0, instance:com.erin.selenium.testCase.SuiteTestBuy@38082d64]" name="afterClass" is-config="true" duration-ms="0" started-at="2019-01-17T13:37:57Z" finished-at="2019-01-17T13:37:57Z">
          <reporter-output>
          </reporter-output>
        </test-method> <!-- afterClass -->
      </class> <!-- com.erin.selenium.testCase.SuiteTestBuy -->
    </test> <!-- Test1 -->
  </suite> <!-- Suite -->
</testng-results>
