<?xml version="1.0" encoding="UTF-8"?>
<testng-results skipped="0" failed="0" ignored="0" total="5" passed="5">
  <reporter-output>
  </reporter-output>
  <suite name="Default suite" duration-ms="20981" started-at="2019-01-15T08:43:48Z" finished-at="2019-01-15T08:44:09Z">
    <groups>
    </groups>
    <test name="Default test" duration-ms="20981" started-at="2019-01-15T08:43:48Z" finished-at="2019-01-15T08:44:09Z">
      <class name="com.erin.selenium.testCase.login">
        <test-method status="PASS" signature="getLoginHome()[pri:0, instance:com.erin.selenium.testCase.login@27406a17]" name="getLoginHome" duration-ms="5282" started-at="2019-01-15T08:43:48Z" finished-at="2019-01-15T08:43:54Z">
          <reporter-output>
          </reporter-output>
        </test-method> <!-- getLoginHome -->
        <test-method status="PASS" signature="testLogin()[pri:0, instance:com.erin.selenium.testCase.login@27406a17]" name="testLogin" duration-ms="9515" started-at="2019-01-15T08:43:54Z" depends-on-methods="com.erin.selenium.testCase.login.getLoginHome" finished-at="2019-01-15T08:44:03Z">
          <reporter-output>
          </reporter-output>
        </test-method> <!-- testLogin -->
        <test-method status="PASS" signature="TestAddCart()[pri:0, instance:com.erin.selenium.testCase.login@27406a17]" name="TestAddCart" duration-ms="1186" started-at="2019-01-15T08:44:03Z" depends-on-methods="com.erin.selenium.testCase.login.testLogin" finished-at="2019-01-15T08:44:04Z">
          <reporter-output>
          </reporter-output>
        </test-method> <!-- TestAddCart -->
        <test-method status="PASS" signature="TestSureOrder()[pri:0, instance:com.erin.selenium.testCase.login@27406a17]" name="TestSureOrder" duration-ms="2088" started-at="2019-01-15T08:44:04Z" depends-on-methods="com.erin.selenium.testCase.login.TestAddCart" finished-at="2019-01-15T08:44:06Z">
          <reporter-output>
          </reporter-output>
        </test-method> <!-- TestSureOrder -->
        <test-method status="PASS" signature="TestGoPay()[pri:0, instance:com.erin.selenium.testCase.login@27406a17]" name="TestGoPay" duration-ms="2877" started-at="2019-01-15T08:44:06Z" depends-on-methods="com.erin.selenium.testCase.login.TestSureOrder" finished-at="2019-01-15T08:44:09Z">
          <reporter-output>
          </reporter-output>
        </test-method> <!-- TestGoPay -->
      </class> <!-- com.erin.selenium.testCase.login -->
    </test> <!-- Default test -->
  </suite> <!-- Default suite -->
</testng-results>
