<?xml version="1.0" encoding="UTF-8"?>
<testng-results skipped="0" failed="0" ignored="0" total="1" passed="1">
  <reporter-output>
  </reporter-output>
  <suite name="Suite" duration-ms="11374" started-at="2019-01-16T08:35:29Z" finished-at="2019-01-16T08:35:40Z">
    <groups>
    </groups>
    <test name="Test1" duration-ms="11374" started-at="2019-01-16T08:35:29Z" finished-at="2019-01-16T08:35:40Z">
      <class name="com.erin.selenium.testCase.SuiteTestBuy">
        <test-method status="PASS" signature="beforeClass()[pri:0, instance:com.erin.selenium.testCase.SuiteTestBuy@343f4d3d]" name="beforeClass" is-config="true" duration-ms="9183" started-at="2019-01-16T08:35:29Z" finished-at="2019-01-16T08:35:38Z">
          <reporter-output>
          </reporter-output>
        </test-method> <!-- beforeClass -->
        <test-method status="PASS" signature="testBuy()[pri:0, instance:com.erin.selenium.testCase.SuiteTestBuy@343f4d3d]" name="testBuy" duration-ms="2173" started-at="2019-01-16T08:35:38Z" finished-at="2019-01-16T08:35:40Z">
          <reporter-output>
          </reporter-output>
        </test-method> <!-- testBuy -->
        <test-method status="PASS" signature="afterClass()[pri:0, instance:com.erin.selenium.testCase.SuiteTestBuy@343f4d3d]" name="afterClass" is-config="true" duration-ms="0" started-at="2019-01-16T08:35:40Z" finished-at="2019-01-16T08:35:40Z">
          <reporter-output>
          </reporter-output>
        </test-method> <!-- afterClass -->
      </class> <!-- com.erin.selenium.testCase.SuiteTestBuy -->
    </test> <!-- Test1 -->
  </suite> <!-- Suite -->
</testng-results>
